<?xml version="1.0" encoding="UTF-8"?>
<!-- Generated by org.testng.reporters.JUnitReportReporter -->
<testsuite hostname="LTIN513327" failures="0" tests="6" name="runner.RunCucumberTest" time="70.843" errors="0" timestamp="2024-11-06T00:15:26 IST" skipped="0">
  <testcase classname="runner.RunCucumberTest" name="runScenario" time="16.486"/>
  <testcase classname="runner.RunCucumberTest" name="runScenario" time="13.688"/>
  <testcase classname="runner.RunCucumberTest" name="runScenario" time="17.987"/>
  <testcase classname="runner.RunCucumberTest" name="runScenario" time="4.050"/>
  <testcase classname="runner.RunCucumberTest" name="runScenario" time="15.186"/>
  <testcase classname="runner.RunCucumberTest" name="runScenario" time="3.446"/>
</testsuite> <!-- runner.RunCucumberTest -->
