<?xml version="1.0" encoding="UTF-8"?>
<!-- Generated by org.testng.reporters.JUnitReportReporter -->
<testsuite hostname="LTIN513327" failures="0" tests="3" name="runner.RunCucumberTest" time="43.232" errors="0" timestamp="2024-11-06T15:39:30 IST" skipped="0">
  <testcase classname="runner.RunCucumberTest" name="runScenario" time="2.842"/>
  <testcase classname="runner.RunCucumberTest" name="runScenario" time="23.111"/>
  <testcase classname="runner.RunCucumberTest" name="runScenario" time="17.279"/>
</testsuite> <!-- runner.RunCucumberTest -->
