<?xml version="1.0" encoding="UTF-8"?>
<!-- Generated by org.testng.reporters.JUnitReportReporter -->
<testsuite hostname="LTIN513327" failures="0" tests="3" name="runner.RunCucumberTest" time="55.051" errors="0" timestamp="2024-11-07T17:27:00 IST" skipped="0">
  <testcase classname="runner.RunCucumberTest" name="runScenario" time="28.188"/>
  <testcase classname="runner.RunCucumberTest" name="runScenario" time="20.589"/>
  <testcase classname="runner.RunCucumberTest" name="runScenario" time="6.274"/>
</testsuite> <!-- runner.RunCucumberTest -->
