<?xml version="1.0" encoding="UTF-8"?>
<!-- Generated by org.testng.reporters.JUnitReportReporter -->
<testsuite hostname="LTIN513327" failures="0" tests="3" name="allLoanCalculators.LoanCalculator" time="42.800" errors="0" timestamp="2024-11-06T00:14:04 IST" skipped="0">
  <testcase classname="allLoanCalculators.LoanCalculator" name="testCarLoanCalculation" time="23.685"/>
  <testcase classname="allLoanCalculators.LoanCalculator" name="testHomeLoanEmiCalculator" time="4.557"/>
  <testcase classname="allLoanCalculators.LoanCalculator" name="testEmiCalculator" time="14.558"/>
</testsuite> <!-- allLoanCalculators.LoanCalculator -->
