<?xml version="1.0" encoding="UTF-8"?>
<!-- Generated by org.testng.reporters.JUnitReportReporter -->
<testsuite hostname="LTIN513327" failures="0" tests="6" name="runner.RunCucumberTest" time="76.118" errors="0" timestamp="2024-11-04T08:43:24 IST" skipped="0">
  <testcase classname="runner.RunCucumberTest" name="runScenario" time="17.248"/>
  <testcase classname="runner.RunCucumberTest" name="runScenario" time="21.938"/>
  <testcase classname="runner.RunCucumberTest" name="runScenario" time="2.958"/>
  <testcase classname="runner.RunCucumberTest" name="runScenario" time="4.307"/>
  <testcase classname="runner.RunCucumberTest" name="runScenario" time="13.992"/>
  <testcase classname="runner.RunCucumberTest" name="runScenario" time="15.675"/>
</testsuite> <!-- runner.RunCucumberTest -->
