<?xml version="1.0" encoding="UTF-8"?>
<!-- Generated by org.testng.reporters.JUnitReportReporter -->
<testsuite hostname="LTIN513327" failures="0" tests="3" name="allLoanCalculators.LoanCalculator" time="63.149" errors="0" timestamp="2024-11-05T18:28:52 IST" skipped="0">
  <testcase classname="allLoanCalculators.LoanCalculator" name="testCarLoanCalculation" time="28.359"/>
  <testcase classname="allLoanCalculators.LoanCalculator" name="testHomeLoanEmiCalculator" time="11.411"/>
  <testcase classname="allLoanCalculators.LoanCalculator" name="testEmiCalculator" time="23.379"/>
</testsuite> <!-- allLoanCalculators.LoanCalculator -->
