<?xml version="1.0" encoding="UTF-8"?>
<!-- Generated by org.testng.reporters.JUnitReportReporter -->
<testsuite hostname="LTIN513327" failures="0" tests="3" name="runner.RunCucumberTest" time="41.075" errors="0" timestamp="2024-11-06T11:23:31 IST" skipped="0">
  <testcase classname="runner.RunCucumberTest" name="runScenario" time="21.757"/>
  <testcase classname="runner.RunCucumberTest" name="runScenario" time="3.023"/>
  <testcase classname="runner.RunCucumberTest" name="runScenario" time="16.295"/>
</testsuite> <!-- runner.RunCucumberTest -->
