<?xml version="1.0" encoding="UTF-8"?>
<!-- Generated by org.testng.reporters.JUnitReportReporter -->
<testsuite hostname="LTIN513327" failures="0" tests="3" name="allLoanCalculators.LoanCalculator" time="33.660" errors="0" timestamp="2024-11-08T17:49:28 IST" skipped="0">
  <testcase classname="allLoanCalculators.LoanCalculator" name="testCarLoanCalculation" time="17.359"/>
  <testcase classname="allLoanCalculators.LoanCalculator" name="testHomeLoanEmiCalculator" time="2.891"/>
  <testcase classname="allLoanCalculators.LoanCalculator" name="testEmiCalculator" time="13.410"/>
</testsuite> <!-- allLoanCalculators.LoanCalculator -->
