<?xml version="1.0" encoding="UTF-8"?>
<!-- Generated by org.testng.reporters.JUnitReportReporter -->
<testsuite hostname="LTIN513327" failures="0" tests="6" name="runner.RunCucumberTest" time="72.777" errors="0" timestamp="2024-11-06T01:02:56 IST" skipped="0">
  <testcase classname="runner.RunCucumberTest" name="runScenario" time="16.113"/>
  <testcase classname="runner.RunCucumberTest" name="runScenario" time="3.350"/>
  <testcase classname="runner.RunCucumberTest" name="runScenario" time="4.205"/>
  <testcase classname="runner.RunCucumberTest" name="runScenario" time="13.938"/>
  <testcase classname="runner.RunCucumberTest" name="runScenario" time="18.086"/>
  <testcase classname="runner.RunCucumberTest" name="runScenario" time="17.085"/>
</testsuite> <!-- runner.RunCucumberTest -->
