<?xml version="1.0" encoding="UTF-8"?>
<!-- Generated by org.testng.reporters.JUnitReportReporter -->
<testsuite hostname="LTIN513327" failures="0" tests="3" name="allLoanCalculators.LoanCalculator" time="42.074" errors="0" timestamp="2024-11-06T10:26:56 IST" skipped="0">
  <testcase classname="allLoanCalculators.LoanCalculator" name="testCarLoanCalculation" time="25.135"/>
  <testcase classname="allLoanCalculators.LoanCalculator" name="testHomeLoanEmiCalculator" time="3.321"/>
  <testcase classname="allLoanCalculators.LoanCalculator" name="testEmiCalculator" time="13.618"/>
</testsuite> <!-- allLoanCalculators.LoanCalculator -->
