<?xml version="1.0" encoding="UTF-8"?>
<!-- Generated by org.testng.reporters.JUnitReportReporter -->
<testsuite hostname="LTIN513327" failures="0" tests="6" name="runner.RunCucumberTest" time="79.745" errors="0" timestamp="2024-11-04T09:01:16 IST" skipped="0">
  <testcase classname="runner.RunCucumberTest" name="runScenario" time="17.341"/>
  <testcase classname="runner.RunCucumberTest" name="runScenario" time="4.856"/>
  <testcase classname="runner.RunCucumberTest" name="runScenario" time="13.844"/>
  <testcase classname="runner.RunCucumberTest" name="runScenario" time="21.037"/>
  <testcase classname="runner.RunCucumberTest" name="runScenario" time="4.410"/>
  <testcase classname="runner.RunCucumberTest" name="runScenario" time="18.257"/>
</testsuite> <!-- runner.RunCucumberTest -->
